<?xml version="1.0" encoding="UTF-8" standalone="no"?>
<testsuite failures="0" name="cucumber.runtime.formatter.JUnitFormatter" skipped="0" tests="1" time="42.756637">
    <testcase classname="Verify the DataTable with Map" name="Verify the parameterization by using map with datatable" time="42.756637">
        <system-out>
            <![CDATA[Given User is on Login Page.................................................passed
When Title of page is Free CRM..............................................passed
Then Enter username and password............................................passed
Then Click on Login button..................................................passed
Then User is on home page...................................................passed
Then user moved to create deals page........................................passed
Then user enters deals details..............................................passed
Then click on save button...................................................passed
Then close the browser......................................................passed
]]>
        </system-out>
    </testcase>
</testsuite>
