<?xml version="1.0" encoding="UTF-8" standalone="no"?>
<testsuite failures="0" name="cucumber.runtime.formatter.JUnitFormatter" skipped="0" tests="3" time="0.335869">
    <testcase classname="Tagged Hooks" name="First Scenario" time="0.332207">
        <system-out>
            <![CDATA[Given First Step............................................................passed
When Second Step............................................................passed
Then Third Step.............................................................passed
]]>
        </system-out>
    </testcase>
    <testcase classname="Tagged Hooks" name="Second Scenario" time="0.001927">
        <system-out>
            <![CDATA[Given First Step............................................................passed
When Second Step............................................................passed
Then Third Step.............................................................passed
]]>
        </system-out>
    </testcase>
    <testcase classname="Tagged Hooks" name="Third Scenario" time="0.001735">
        <system-out>
            <![CDATA[Given First Step............................................................passed
When Second Step............................................................passed
Then Third Step.............................................................passed
]]>
        </system-out>
    </testcase>
</testsuite>
